<?xml version="1.0" encoding="UTF-8"?>
<testsuite name="com.mcasongr.songr.SongrApplicationTests" tests="4" skipped="0" failures="0" errors="0" timestamp="2023-05-04T00:09:35" hostname="DESKTOP-LKAJ7V9" time="0.484">
  <properties/>
  <testcase name="testPostAlbum()" classname="com.mcasongr.songr.SongrApplicationTests" time="0.214"/>
  <testcase name="testHello()" classname="com.mcasongr.songr.SongrApplicationTests" time="0.202"/>
  <testcase name="contextLoads()" classname="com.mcasongr.songr.SongrApplicationTests" time="0.004"/>
  <testcase name="testSplash()" classname="com.mcasongr.songr.SongrApplicationTests" time="0.061"/>
  <system-out><![CDATA[17:09:32.566 [Test worker] DEBUG org.springframework.boot.test.context.SpringBootTestContextBootstrapper -- Neither @ContextConfiguration nor @ContextHierarchy found for test class [SongrApplicationTests]: using SpringBootContextLoader
17:09:32.571 [Test worker] DEBUG org.springframework.test.context.support.AbstractContextLoader -- Could not detect default resource locations for test class [com.mcasongr.songr.SongrApplicationTests]: no resource found for suffixes {-context.xml, Context.groovy}.
17:09:32.571 [Test worker] INFO org.springframework.test.context.support.AnnotationConfigContextLoaderUtils -- Could not detect default configuration classes for test class [com.mcasongr.songr.SongrApplicationTests]: SongrApplicationTests does not declare any static, non-private, non-final, nested classes annotated with @Configuration.
17:09:32.601 [Test worker] DEBUG org.springframework.boot.test.context.SpringBootTestContextBootstrapper -- Using ContextCustomizers for test class [SongrApplicationTests]: [DisableObservabilityContextCustomizer, PropertyMappingContextCustomizer, Customizer, ImportsContextCustomizer, ExcludeFilterContextCustomizer, DuplicateJsonObjectContextCustomizer, MockitoContextCustomizer, TestRestTemplateContextCustomizer]
17:09:32.646 [Test worker] DEBUG org.springframework.context.annotation.ClassPathScanningCandidateComponentProvider -- Identified candidate component class: file [C:\Users\maust\OneDrive\Desktop\Shit\SWE Career Shit\codefellows\401\songr\build\classes\java\main\com\mcasongr\songr\SongrApplication.class]
17:09:32.647 [Test worker] INFO org.springframework.boot.test.context.SpringBootTestContextBootstrapper -- Found @SpringBootConfiguration com.mcasongr.songr.SongrApplication for test class com.mcasongr.songr.SongrApplicationTests
17:09:32.732 [Test worker] DEBUG org.springframework.boot.test.context.SpringBootTestContextBootstrapper -- Using TestExecutionListeners for test class [SongrApplicationTests]: [ServletTestExecutionListener, DirtiesContextBeforeModesTestExecutionListener, ApplicationEventsTestExecutionListener, MockitoTestExecutionListener, DependencyInjectionTestExecutionListener, DirtiesContextTestExecutionListener, TransactionalTestExecutionListener, SqlScriptsTestExecutionListener, EventPublishingTestExecutionListener, RestDocsTestExecutionListener, MockRestServiceServerResetTestExecutionListener, MockMvcPrintOnlyOnFailureTestExecutionListener, WebDriverTestExecutionListener, MockWebServiceServerTestExecutionListener, ResetMocksTestExecutionListener]
17:09:32.733 [Test worker] DEBUG org.springframework.test.context.support.AbstractDirtiesContextTestExecutionListener -- Before test class: class [SongrApplicationTests], class annotated with @DirtiesContext [false] with mode [null]

  .   ____          _            __ _ _
 /\\ / ___'_ __ _ _(_)_ __  __ _ \ \ \ \
( ( )\___ | '_ | '_| | '_ \/ _` | \ \ \ \
 \\/  ___)| |_)| | | | | || (_| |  ) ) ) )
  '  |____| .__|_| |_|_| |_\__, | / / / /
 =========|_|==============|___/=/_/_/_/
 :: Spring Boot ::                (v3.0.6)

2023-05-03T17:09:32.951-07:00  INFO 4448 --- [    Test worker] c.mcasongr.songr.SongrApplicationTests   : Starting SongrApplicationTests using Java 17.0.6 with PID 4448 (started by maust in C:\Users\maust\OneDrive\Desktop\Shit\SWE Career Shit\codefellows\401\songr)
2023-05-03T17:09:32.952-07:00  INFO 4448 --- [    Test worker] c.mcasongr.songr.SongrApplicationTests   : No active profile set, falling back to 1 default profile: "default"
2023-05-03T17:09:33.406-07:00  INFO 4448 --- [    Test worker] .s.d.r.c.RepositoryConfigurationDelegate : Bootstrapping Spring Data JPA repositories in DEFAULT mode.
2023-05-03T17:09:33.447-07:00  INFO 4448 --- [    Test worker] .s.d.r.c.RepositoryConfigurationDelegate : Finished Spring Data repository scanning in 35 ms. Found 2 JPA repository interfaces.
2023-05-03T17:09:33.805-07:00  INFO 4448 --- [    Test worker] o.hibernate.jpa.internal.util.LogHelper  : HHH000204: Processing PersistenceUnitInfo [name: default]
2023-05-03T17:09:33.864-07:00  INFO 4448 --- [    Test worker] org.hibernate.Version                    : HHH000412: Hibernate ORM core version 6.1.7.Final
2023-05-03T17:09:34.098-07:00  INFO 4448 --- [    Test worker] com.zaxxer.hikari.HikariDataSource       : HikariPool-1 - Starting...
2023-05-03T17:09:34.229-07:00  INFO 4448 --- [    Test worker] com.zaxxer.hikari.pool.HikariPool        : HikariPool-1 - Added connection org.postgresql.jdbc.PgConnection@60dcf9ec
2023-05-03T17:09:34.230-07:00  INFO 4448 --- [    Test worker] com.zaxxer.hikari.HikariDataSource       : HikariPool-1 - Start completed.
2023-05-03T17:09:34.266-07:00  INFO 4448 --- [    Test worker] SQL dialect                              : HHH000400: Using dialect: org.hibernate.dialect.PostgreSQLDialect
2023-05-03T17:09:34.931-07:00  INFO 4448 --- [    Test worker] o.h.e.t.j.p.i.JtaPlatformInitiator       : HHH000490: Using JtaPlatform implementation: [org.hibernate.engine.transaction.jta.platform.internal.NoJtaPlatform]
2023-05-03T17:09:34.939-07:00  INFO 4448 --- [    Test worker] j.LocalContainerEntityManagerFactoryBean : Initialized JPA EntityManagerFactory for persistence unit 'default'
2023-05-03T17:09:35.269-07:00  WARN 4448 --- [    Test worker] JpaBaseConfiguration$JpaWebConfiguration : spring.jpa.open-in-view is enabled by default. Therefore, database queries may be performed during view rendering. Explicitly configure spring.jpa.open-in-view to disable this warning
2023-05-03T17:09:35.591-07:00  INFO 4448 --- [    Test worker] o.s.b.t.m.w.SpringBootMockServletContext : Initializing Spring TestDispatcherServlet ''
2023-05-03T17:09:35.592-07:00  INFO 4448 --- [    Test worker] o.s.t.web.servlet.TestDispatcherServlet  : Initializing Servlet ''
2023-05-03T17:09:35.594-07:00  INFO 4448 --- [    Test worker] o.s.t.web.servlet.TestDispatcherServlet  : Completed initialization in 0 ms
2023-05-03T17:09:35.606-07:00  INFO 4448 --- [    Test worker] c.mcasongr.songr.SongrApplicationTests   : Started SongrApplicationTests in 2.843 seconds (process running for 3.659)

MockHttpServletRequest:
      HTTP Method = GET
      Request URI = /hello
       Parameters = {}
          Headers = []
             Body = null
    Session Attrs = {}

Handler:
             Type = com.mcasongr.songr.controllers.PracticeController
           Method = com.mcasongr.songr.controllers.PracticeController#hello()

Async:
    Async started = false
     Async result = null

Resolved Exception:
             Type = null

ModelAndView:
        View name = hello
             View = null
            Model = null

FlashMap:
       Attributes = null

MockHttpServletResponse:
           Status = 200
    Error message = null
          Headers = [Content-Language:"en", Content-Type:"text/html;charset=UTF-8"]
     Content type = text/html;charset=UTF-8
             Body = <!doctype html>
<html lang="en">
<head>
    <meta charset="UTF-8">
    <meta name="viewport"
          content="width=device-width, user-scalable=no, initial-scale=1.0, maximum-scale=1.0, minimum-scale=1.0">
    <meta http-equiv="X-UA-Compatible" content="ie=edge">
    <title>Hello, world!</title>
</head>
<body>
    <h1>Hello, world!</h1>
</body>
</html>
    Forwarded URL = null
   Redirected URL = null
          Cookies = []

MockHttpServletRequest:
      HTTP Method = GET
      Request URI = /
       Parameters = {}
          Headers = []
             Body = null
    Session Attrs = {}

Handler:
             Type = com.mcasongr.songr.controllers.PracticeController
           Method = com.mcasongr.songr.controllers.PracticeController#splash()

Async:
    Async started = false
     Async result = null

Resolved Exception:
             Type = null

ModelAndView:
        View name = splash
             View = null
            Model = null

FlashMap:
       Attributes = null

MockHttpServletResponse:
           Status = 200
    Error message = null
          Headers = [Content-Language:"en", Content-Type:"text/html;charset=UTF-8"]
     Content type = text/html;charset=UTF-8
             Body = <!doctype html>
<html lang="en">
<head>
    <meta charset="UTF-8">
    <meta name="viewport"
          content="width=device-width, user-scalable=no, initial-scale=1.0, maximum-scale=1.0, minimum-scale=1.0">
    <meta http-equiv="X-UA-Compatible" content="ie=edge">
    <title>Hello, world!</title>
</head>
<body>
<nav class="navbar">
    <a class="explore-btn" href="/albums">Explore Albums</a>
</nav>
<div class="splash-container">
    <h1>Welcome to the Songr App!</h1>
    <p>Discover and explore your favorite albums.</p>
</div>
</body>
</html>
    Forwarded URL = null
   Redirected URL = null
          Cookies = []
]]></system-out>
  <system-err><![CDATA[]]></system-err>
</testsuite>
