<?xml version="1.0" encoding="UTF-8"?>
<testsuite name="com.mcasongr.songr.SongrApplicationTests" tests="1" skipped="0" failures="0" errors="0" timestamp="2023-05-02T00:50:09" hostname="DESKTOP-LKAJ7V9" time="0.295">
  <properties/>
  <testcase name="contextLoads()" classname="com.mcasongr.songr.SongrApplicationTests" time="0.295"/>
  <system-out><![CDATA[17:50:08.632 [Test worker] DEBUG org.springframework.boot.test.context.SpringBootTestContextBootstrapper -- Neither @ContextConfiguration nor @ContextHierarchy found for test class [SongrApplicationTests]: using SpringBootContextLoader
17:50:08.636 [Test worker] DEBUG org.springframework.test.context.support.AbstractContextLoader -- Could not detect default resource locations for test class [com.mcasongr.songr.SongrApplicationTests]: no resource found for suffixes {-context.xml, Context.groovy}.
17:50:08.637 [Test worker] INFO org.springframework.test.context.support.AnnotationConfigContextLoaderUtils -- Could not detect default configuration classes for test class [com.mcasongr.songr.SongrApplicationTests]: SongrApplicationTests does not declare any static, non-private, non-final, nested classes annotated with @Configuration.
17:50:08.654 [Test worker] DEBUG org.springframework.boot.test.context.SpringBootTestContextBootstrapper -- Using ContextCustomizers for test class [SongrApplicationTests]: [DisableObservabilityContextCustomizer, PropertyMappingContextCustomizer, Customizer, ExcludeFilterContextCustomizer, DuplicateJsonObjectContextCustomizer, MockitoContextCustomizer, TestRestTemplateContextCustomizer]
17:50:08.698 [Test worker] DEBUG org.springframework.context.annotation.ClassPathScanningCandidateComponentProvider -- Identified candidate component class: file [C:\Users\maust\OneDrive\Desktop\Shit\SWE Career Shit\codefellows\401\songr\build\classes\java\main\com\mcasongr\songr\SongrApplication.class]
17:50:08.705 [Test worker] INFO org.springframework.boot.test.context.SpringBootTestContextBootstrapper -- Found @SpringBootConfiguration com.mcasongr.songr.SongrApplication for test class com.mcasongr.songr.SongrApplicationTests
17:50:08.784 [Test worker] DEBUG org.springframework.test.context.util.TestContextSpringFactoriesUtils -- Skipping candidate TestExecutionListener [org.springframework.test.context.transaction.TransactionalTestExecutionListener] due to a missing dependency. Specify custom TestExecutionListener classes or make the default TestExecutionListener classes and their required dependencies available. Offending class: [org/springframework/transaction/interceptor/TransactionAttributeSource]
17:50:08.786 [Test worker] DEBUG org.springframework.test.context.util.TestContextSpringFactoriesUtils -- Skipping candidate TestExecutionListener [org.springframework.test.context.jdbc.SqlScriptsTestExecutionListener] due to a missing dependency. Specify custom TestExecutionListener classes or make the default TestExecutionListener classes and their required dependencies available. Offending class: [org/springframework/transaction/interceptor/TransactionAttribute]
17:50:08.787 [Test worker] DEBUG org.springframework.boot.test.context.SpringBootTestContextBootstrapper -- Using TestExecutionListeners for test class [SongrApplicationTests]: [ServletTestExecutionListener, DirtiesContextBeforeModesTestExecutionListener, ApplicationEventsTestExecutionListener, MockitoTestExecutionListener, DependencyInjectionTestExecutionListener, DirtiesContextTestExecutionListener, EventPublishingTestExecutionListener, RestDocsTestExecutionListener, MockRestServiceServerResetTestExecutionListener, MockMvcPrintOnlyOnFailureTestExecutionListener, WebDriverTestExecutionListener, MockWebServiceServerTestExecutionListener, ResetMocksTestExecutionListener]
17:50:08.788 [Test worker] DEBUG org.springframework.test.context.support.AbstractDirtiesContextTestExecutionListener -- Before test class: class [SongrApplicationTests], class annotated with @DirtiesContext [false] with mode [null]

  .   ____          _            __ _ _
 /\\ / ___'_ __ _ _(_)_ __  __ _ \ \ \ \
( ( )\___ | '_ | '_| | '_ \/ _` | \ \ \ \
 \\/  ___)| |_)| | | | | || (_| |  ) ) ) )
  '  |____| .__|_| |_|_| |_\__, | / / / /
 =========|_|==============|___/=/_/_/_/
 :: Spring Boot ::                (v3.0.6)

2023-05-01T17:50:08.988-07:00  INFO 700 --- [    Test worker] c.mcasongr.songr.SongrApplicationTests   : Starting SongrApplicationTests using Java 17.0.6 with PID 700 (started by maust in C:\Users\maust\OneDrive\Desktop\Shit\SWE Career Shit\codefellows\401\songr)
2023-05-01T17:50:08.989-07:00  INFO 700 --- [    Test worker] c.mcasongr.songr.SongrApplicationTests   : No active profile set, falling back to 1 default profile: "default"
2023-05-01T17:50:09.758-07:00  INFO 700 --- [    Test worker] c.mcasongr.songr.SongrApplicationTests   : Started SongrApplicationTests in 0.929 seconds (process running for 1.705)
]]></system-out>
  <system-err><![CDATA[]]></system-err>
</testsuite>
